2018-01-21T10:10:31.778470Z 0 [Warning] TIMESTAMP with implicit DEFAULT value is deprecated. Please use --explicit_defaults_for_timestamp server option (see documentation for more details).
2018-01-21T10:10:31.785585Z 0 [Warning] Setting lower_case_table_names=2 because file system for /var/lib/mysql/ is case insensitive
2018-01-21T10:10:32.629891Z 0 [Warning] InnoDB: New log files created, LSN=45790
2018-01-21T10:10:32.782172Z 0 [Warning] InnoDB: Creating foreign key constraint system tables.
2018-01-21T10:10:32.848963Z 0 [Warning] No existing UUID has been found, so we assume that this is the first time that this server has been started. Generating a new UUID: 50de656c-fe93-11e7-8e22-0242ac130002.
2018-01-21T10:10:32.850926Z 0 [Warning] Gtid table is not ready to be used. Table 'mysql.gtid_executed' cannot be opened.
2018-01-21T10:10:32.853248Z 1 [Warning] root@localhost is created with an empty password ! Please consider switching off the --initialize-insecure option.
2018-01-21T10:10:36.059244Z 1 [Warning] 'user' entry 'root@localhost' ignored in --skip-name-resolve mode.
2018-01-21T10:10:36.059480Z 1 [Warning] 'user' entry 'mysql.session@localhost' ignored in --skip-name-resolve mode.
2018-01-21T10:10:36.059885Z 1 [Warning] 'user' entry 'mysql.sys@localhost' ignored in --skip-name-resolve mode.
2018-01-21T10:10:36.060502Z 1 [Warning] 'db' entry 'performance_schema mysql.session@localhost' ignored in --skip-name-resolve mode.
2018-01-21T10:10:36.060698Z 1 [Warning] 'db' entry 'sys mysql.sys@localhost' ignored in --skip-name-resolve mode.
2018-01-21T10:10:36.061154Z 1 [Warning] 'proxies_priv' entry '@ root@localhost' ignored in --skip-name-resolve mode.
2018-01-21T10:10:36.061737Z 1 [Warning] 'tables_priv' entry 'user mysql.session@localhost' ignored in --skip-name-resolve mode.
2018-01-21T10:10:36.061988Z 1 [Warning] 'tables_priv' entry 'sys_config mysql.sys@localhost' ignored in --skip-name-resolve mode.
2018-01-21T10:10:39.488198Z 0 [Warning] TIMESTAMP with implicit DEFAULT value is deprecated. Please use --explicit_defaults_for_timestamp server option (see documentation for more details).
2018-01-21T10:10:39.492787Z 0 [Note] mysqld (mysqld 5.7.19-log) starting as process 92 ...
2018-01-21T10:10:39.495867Z 0 [Warning] Setting lower_case_table_names=2 because file system for /var/lib/mysql/ is case insensitive
2018-01-21T10:10:39.499197Z 0 [Note] InnoDB: PUNCH HOLE support available
2018-01-21T10:10:39.499447Z 0 [Note] InnoDB: Mutexes and rw_locks use GCC atomic builtins
2018-01-21T10:10:39.499650Z 0 [Note] InnoDB: Uses event mutexes
2018-01-21T10:10:39.499847Z 0 [Note] InnoDB: GCC builtin __atomic_thread_fence() is used for memory barrier
2018-01-21T10:10:39.500037Z 0 [Note] InnoDB: Compressed tables use zlib 1.2.3
2018-01-21T10:10:39.500240Z 0 [Note] InnoDB: Using Linux native AIO
2018-01-21T10:10:39.500738Z 0 [Note] InnoDB: Number of pools: 1
2018-01-21T10:10:39.501055Z 0 [Note] InnoDB: Using CPU crc32 instructions
2018-01-21T10:10:39.502241Z 0 [Note] InnoDB: Initializing buffer pool, total size = 128M, instances = 1, chunk size = 128M
2018-01-21T10:10:39.507541Z 0 [Note] InnoDB: Completed initialization of buffer pool
2018-01-21T10:10:39.509267Z 0 [Note] InnoDB: If the mysqld execution user is authorized, page cleaner thread priority can be changed. See the man page of setpriority().
2018-01-21T10:10:39.538564Z 0 [Note] InnoDB: Highest supported file format is Barracuda.
2018-01-21T10:10:39.587078Z 0 [Note] InnoDB: Creating shared tablespace for temporary tables
2018-01-21T10:10:39.587845Z 0 [Note] InnoDB: Setting file './ibtmp1' size to 12 MB. Physically writing the file full; Please wait ...
2018-01-21T10:10:39.654361Z 0 [Note] InnoDB: File './ibtmp1' size is now 12 MB.
2018-01-21T10:10:39.658220Z 0 [Note] InnoDB: 96 redo rollback segment(s) found. 96 redo rollback segment(s) are active.
2018-01-21T10:10:39.659586Z 0 [Note] InnoDB: 32 non-redo rollback segment(s) are active.
2018-01-21T10:10:39.660339Z 0 [Note] InnoDB: Waiting for purge to start
2018-01-21T10:10:39.712550Z 0 [Note] InnoDB: 5.7.19 started; log sequence number 2539315
2018-01-21T10:10:39.713599Z 0 [Note] Plugin 'FEDERATED' is disabled.
2018-01-21T10:10:39.715171Z 0 [Note] InnoDB: Loading buffer pool(s) from /var/lib/mysql/ib_buffer_pool
2018-01-21T10:10:39.741538Z 0 [Note] InnoDB: Buffer pool(s) load completed at 180121 10:10:39
2018-01-21T10:10:39.748747Z 0 [Note] Found ca.pem, server-cert.pem and server-key.pem in data directory. Trying to enable SSL support using them.
2018-01-21T10:10:39.754392Z 0 [Warning] CA certificate ca.pem is self signed.
2018-01-21T10:10:39.779243Z 0 [Warning] 'user' entry 'root@localhost' ignored in --skip-name-resolve mode.
2018-01-21T10:10:39.779460Z 0 [Warning] 'user' entry 'mysql.session@localhost' ignored in --skip-name-resolve mode.
2018-01-21T10:10:39.779635Z 0 [Warning] 'user' entry 'mysql.sys@localhost' ignored in --skip-name-resolve mode.
2018-01-21T10:10:39.780225Z 0 [Warning] 'db' entry 'performance_schema mysql.session@localhost' ignored in --skip-name-resolve mode.
2018-01-21T10:10:39.780420Z 0 [Warning] 'db' entry 'sys mysql.sys@localhost' ignored in --skip-name-resolve mode.
2018-01-21T10:10:39.780924Z 0 [Warning] 'proxies_priv' entry '@ root@localhost' ignored in --skip-name-resolve mode.
2018-01-21T10:10:39.817643Z 0 [Warning] 'tables_priv' entry 'user mysql.session@localhost' ignored in --skip-name-resolve mode.
2018-01-21T10:10:39.817873Z 0 [Warning] 'tables_priv' entry 'sys_config mysql.sys@localhost' ignored in --skip-name-resolve mode.
2018-01-21T10:10:39.946919Z 0 [Note] Event Scheduler: Loaded 0 events
2018-01-21T10:10:39.947386Z 0 [Note] mysqld: ready for connections.
Version: '5.7.19-log'  socket: '/var/run/mysqld/mysqld.sock'  port: 0  MySQL Community Server (GPL)
2018-01-21T10:10:39.947619Z 0 [Note] Executing 'SELECT * FROM INFORMATION_SCHEMA.TABLES;' to get a list of tables using the deprecated partition engine. You may use the startup option '--disable-partition-engine-check' to skip this check. 
2018-01-21T10:10:39.947777Z 0 [Note] Beginning of list of non-natively partitioned tables
2018-01-21T10:10:40.223835Z 0 [Note] End of list of non-natively partitioned tables
2018-01-21T10:10:44.758345Z 5 [Warning] 'user' entry 'root@localhost' ignored in --skip-name-resolve mode.
2018-01-21T10:10:44.758553Z 5 [Warning] 'user' entry 'mysql.sys@localhost' ignored in --skip-name-resolve mode.
2018-01-21T10:10:44.758979Z 5 [Warning] 'db' entry 'performance_schema mysql.session@localhost' ignored in --skip-name-resolve mode.
2018-01-21T10:10:44.759175Z 5 [Warning] 'db' entry 'sys mysql.sys@localhost' ignored in --skip-name-resolve mode.
2018-01-21T10:10:44.759532Z 5 [Warning] 'proxies_priv' entry '@ root@localhost' ignored in --skip-name-resolve mode.
2018-01-21T10:10:44.759724Z 5 [Warning] 'tables_priv' entry 'user mysql.session@localhost' ignored in --skip-name-resolve mode.
2018-01-21T10:10:44.759898Z 5 [Warning] 'tables_priv' entry 'sys_config mysql.sys@localhost' ignored in --skip-name-resolve mode.
2018-01-21T10:10:44.820703Z 9 [Warning] 'user' entry 'root@localhost' ignored in --skip-name-resolve mode.
2018-01-21T10:10:44.821021Z 9 [Warning] 'user' entry 'mysql.sys@localhost' ignored in --skip-name-resolve mode.
2018-01-21T10:10:44.821750Z 9 [Warning] 'db' entry 'performance_schema mysql.session@localhost' ignored in --skip-name-resolve mode.
2018-01-21T10:10:44.821983Z 9 [Warning] 'db' entry 'sys mysql.sys@localhost' ignored in --skip-name-resolve mode.
2018-01-21T10:10:44.822802Z 9 [Warning] 'proxies_priv' entry '@ root@localhost' ignored in --skip-name-resolve mode.
2018-01-21T10:10:44.832193Z 9 [Warning] 'tables_priv' entry 'user mysql.session@localhost' ignored in --skip-name-resolve mode.
2018-01-21T10:10:44.832546Z 9 [Warning] 'tables_priv' entry 'sys_config mysql.sys@localhost' ignored in --skip-name-resolve mode.
2018-01-21T10:10:44.836161Z 0 [Note] Giving 0 client threads a chance to die gracefully
2018-01-21T10:10:44.836527Z 0 [Note] Shutting down slave threads
2018-01-21T10:10:44.836843Z 0 [Note] Forcefully disconnecting 0 remaining clients
2018-01-21T10:10:44.837097Z 0 [Note] Event Scheduler: Purging the queue. 0 events
2018-01-21T10:10:44.837463Z 0 [Note] Binlog end
2018-01-21T10:10:44.848082Z 0 [Note] Shutting down plugin 'ngram'
2018-01-21T10:10:44.848335Z 0 [Note] Shutting down plugin 'ARCHIVE'
2018-01-21T10:10:44.848566Z 0 [Note] Shutting down plugin 'partition'
2018-01-21T10:10:44.848933Z 0 [Note] Shutting down plugin 'BLACKHOLE'
2018-01-21T10:10:44.849240Z 0 [Note] Shutting down plugin 'MyISAM'
2018-01-21T10:10:44.849503Z 0 [Note] Shutting down plugin 'MRG_MYISAM'
2018-01-21T10:10:44.849763Z 0 [Note] Shutting down plugin 'INNODB_SYS_VIRTUAL'
2018-01-21T10:10:44.850091Z 0 [Note] Shutting down plugin 'INNODB_SYS_DATAFILES'
2018-01-21T10:10:44.850443Z 0 [Note] Shutting down plugin 'INNODB_SYS_TABLESPACES'
2018-01-21T10:10:44.850751Z 0 [Note] Shutting down plugin 'INNODB_SYS_FOREIGN_COLS'
2018-01-21T10:10:44.851014Z 0 [Note] Shutting down plugin 'INNODB_SYS_FOREIGN'
2018-01-21T10:10:44.851286Z 0 [Note] Shutting down plugin 'INNODB_SYS_FIELDS'
2018-01-21T10:10:44.851587Z 0 [Note] Shutting down plugin 'INNODB_SYS_COLUMNS'
2018-01-21T10:10:44.851832Z 0 [Note] Shutting down plugin 'INNODB_SYS_INDEXES'
2018-01-21T10:10:44.852065Z 0 [Note] Shutting down plugin 'INNODB_SYS_TABLESTATS'
2018-01-21T10:10:44.852318Z 0 [Note] Shutting down plugin 'INNODB_SYS_TABLES'
2018-01-21T10:10:44.852575Z 0 [Note] Shutting down plugin 'INNODB_FT_INDEX_TABLE'
2018-01-21T10:10:44.852843Z 0 [Note] Shutting down plugin 'INNODB_FT_INDEX_CACHE'
2018-01-21T10:10:44.853141Z 0 [Note] Shutting down plugin 'INNODB_FT_CONFIG'
2018-01-21T10:10:44.853716Z 0 [Note] Shutting down plugin 'INNODB_FT_BEING_DELETED'
2018-01-21T10:10:44.853959Z 0 [Note] Shutting down plugin 'INNODB_FT_DELETED'
2018-01-21T10:10:44.854224Z 0 [Note] Shutting down plugin 'INNODB_FT_DEFAULT_STOPWORD'
2018-01-21T10:10:44.854508Z 0 [Note] Shutting down plugin 'INNODB_METRICS'
2018-01-21T10:10:44.854799Z 0 [Note] Shutting down plugin 'INNODB_TEMP_TABLE_INFO'
2018-01-21T10:10:44.855094Z 0 [Note] Shutting down plugin 'INNODB_BUFFER_POOL_STATS'
2018-01-21T10:10:44.855376Z 0 [Note] Shutting down plugin 'INNODB_BUFFER_PAGE_LRU'
2018-01-21T10:10:44.855582Z 0 [Note] Shutting down plugin 'INNODB_BUFFER_PAGE'
2018-01-21T10:10:44.855815Z 0 [Note] Shutting down plugin 'INNODB_CMP_PER_INDEX_RESET'
2018-01-21T10:10:44.856050Z 0 [Note] Shutting down plugin 'INNODB_CMP_PER_INDEX'
2018-01-21T10:10:44.856283Z 0 [Note] Shutting down plugin 'INNODB_CMPMEM_RESET'
2018-01-21T10:10:44.856550Z 0 [Note] Shutting down plugin 'INNODB_CMPMEM'
2018-01-21T10:10:44.856838Z 0 [Note] Shutting down plugin 'INNODB_CMP_RESET'
2018-01-21T10:10:44.857118Z 0 [Note] Shutting down plugin 'INNODB_CMP'
2018-01-21T10:10:44.857371Z 0 [Note] Shutting down plugin 'INNODB_LOCK_WAITS'
2018-01-21T10:10:44.857649Z 0 [Note] Shutting down plugin 'INNODB_LOCKS'
2018-01-21T10:10:44.857896Z 0 [Note] Shutting down plugin 'INNODB_TRX'
2018-01-21T10:10:44.858155Z 0 [Note] Shutting down plugin 'InnoDB'
2018-01-21T10:10:44.858493Z 0 [Note] InnoDB: FTS optimize thread exiting.
2018-01-21T10:10:44.858830Z 0 [Note] InnoDB: Starting shutdown...
2018-01-21T10:10:44.961540Z 0 [Note] InnoDB: Dumping buffer pool(s) to /var/lib/mysql/ib_buffer_pool
2018-01-21T10:10:44.964673Z 0 [Note] InnoDB: Buffer pool(s) dump completed at 180121 10:10:44
2018-01-21T10:10:46.696761Z 0 [Note] InnoDB: Shutdown completed; log sequence number 12143601
2018-01-21T10:10:46.699433Z 0 [Note] InnoDB: Removed temporary tablespace data file: "ibtmp1"
2018-01-21T10:10:46.699839Z 0 [Note] Shutting down plugin 'CSV'
2018-01-21T10:10:46.700190Z 0 [Note] Shutting down plugin 'MEMORY'
2018-01-21T10:10:46.700572Z 0 [Note] Shutting down plugin 'PERFORMANCE_SCHEMA'
2018-01-21T10:10:46.700912Z 0 [Note] Shutting down plugin 'sha256_password'
2018-01-21T10:10:46.701221Z 0 [Note] Shutting down plugin 'mysql_native_password'
2018-01-21T10:10:46.701550Z 0 [Note] Shutting down plugin 'binlog'
2018-01-21T10:10:46.705324Z 0 [Note] mysqld: Shutdown complete

2018-01-21T10:10:47.000113Z 0 [Warning] TIMESTAMP with implicit DEFAULT value is deprecated. Please use --explicit_defaults_for_timestamp server option (see documentation for more details).
2018-01-21T10:10:47.004752Z 0 [Note] mysqld (mysqld 5.7.19-log) starting as process 1 ...
2018-01-21T10:10:47.007843Z 0 [Warning] Setting lower_case_table_names=2 because file system for /var/lib/mysql/ is case insensitive
2018-01-21T10:10:47.011180Z 0 [Note] InnoDB: PUNCH HOLE support available
2018-01-21T10:10:47.011363Z 0 [Note] InnoDB: Mutexes and rw_locks use GCC atomic builtins
2018-01-21T10:10:47.011543Z 0 [Note] InnoDB: Uses event mutexes
2018-01-21T10:10:47.011709Z 0 [Note] InnoDB: GCC builtin __atomic_thread_fence() is used for memory barrier
2018-01-21T10:10:47.011897Z 0 [Note] InnoDB: Compressed tables use zlib 1.2.3
2018-01-21T10:10:47.012105Z 0 [Note] InnoDB: Using Linux native AIO
2018-01-21T10:10:47.012630Z 0 [Note] InnoDB: Number of pools: 1
2018-01-21T10:10:47.012925Z 0 [Note] InnoDB: Using CPU crc32 instructions
2018-01-21T10:10:47.014154Z 0 [Note] InnoDB: Initializing buffer pool, total size = 128M, instances = 1, chunk size = 128M
2018-01-21T10:10:47.019526Z 0 [Note] InnoDB: Completed initialization of buffer pool
2018-01-21T10:10:47.021120Z 0 [Note] InnoDB: If the mysqld execution user is authorized, page cleaner thread priority can be changed. See the man page of setpriority().
2018-01-21T10:10:47.055830Z 0 [Note] InnoDB: Highest supported file format is Barracuda.
2018-01-21T10:10:47.106741Z 0 [Note] InnoDB: Creating shared tablespace for temporary tables
2018-01-21T10:10:47.107668Z 0 [Note] InnoDB: Setting file './ibtmp1' size to 12 MB. Physically writing the file full; Please wait ...
2018-01-21T10:10:47.200587Z 0 [Note] InnoDB: File './ibtmp1' size is now 12 MB.
2018-01-21T10:10:47.206104Z 0 [Note] InnoDB: 96 redo rollback segment(s) found. 96 redo rollback segment(s) are active.
2018-01-21T10:10:47.206705Z 0 [Note] InnoDB: 32 non-redo rollback segment(s) are active.
2018-01-21T10:10:47.207598Z 0 [Note] InnoDB: Waiting for purge to start
2018-01-21T10:10:47.259337Z 0 [Note] InnoDB: 5.7.19 started; log sequence number 12143601
2018-01-21T10:10:47.260038Z 0 [Note] Plugin 'FEDERATED' is disabled.
2018-01-21T10:10:47.261223Z 0 [Note] InnoDB: Loading buffer pool(s) from /var/lib/mysql/ib_buffer_pool
2018-01-21T10:10:47.300379Z 0 [Note] Found ca.pem, server-cert.pem and server-key.pem in data directory. Trying to enable SSL support using them.
2018-01-21T10:10:47.308045Z 0 [Note] InnoDB: Buffer pool(s) load completed at 180121 10:10:47
2018-01-21T10:10:47.308233Z 0 [Warning] CA certificate ca.pem is self signed.
2018-01-21T10:10:47.309995Z 0 [Note] Server hostname (bind-address): '*'; port: 3306
2018-01-21T10:10:47.310238Z 0 [Note] IPv6 is available.
2018-01-21T10:10:47.310441Z 0 [Note]   - '::' resolves to '::';
2018-01-21T10:10:47.310677Z 0 [Note] Server socket created on IP: '::'.
2018-01-21T10:10:47.331843Z 0 [Warning] 'user' entry 'root@localhost' ignored in --skip-name-resolve mode.
2018-01-21T10:10:47.332046Z 0 [Warning] 'user' entry 'mysql.sys@localhost' ignored in --skip-name-resolve mode.
2018-01-21T10:10:47.332502Z 0 [Warning] 'db' entry 'performance_schema mysql.session@localhost' ignored in --skip-name-resolve mode.
2018-01-21T10:10:47.332640Z 0 [Warning] 'db' entry 'sys mysql.sys@localhost' ignored in --skip-name-resolve mode.
2018-01-21T10:10:47.333024Z 0 [Warning] 'proxies_priv' entry '@ root@localhost' ignored in --skip-name-resolve mode.
2018-01-21T10:10:47.359155Z 0 [Warning] 'tables_priv' entry 'user mysql.session@localhost' ignored in --skip-name-resolve mode.
2018-01-21T10:10:47.359334Z 0 [Warning] 'tables_priv' entry 'sys_config mysql.sys@localhost' ignored in --skip-name-resolve mode.
2018-01-21T10:10:47.465720Z 0 [Note] Event Scheduler: Loaded 0 events
2018-01-21T10:10:47.466141Z 0 [Note] mysqld: ready for connections.
Version: '5.7.19-log'  socket: '/var/run/mysqld/mysqld.sock'  port: 3306  MySQL Community Server (GPL)
2018-01-21T10:10:47.466325Z 0 [Note] Executing 'SELECT * FROM INFORMATION_SCHEMA.TABLES;' to get a list of tables using the deprecated partition engine. You may use the startup option '--disable-partition-engine-check' to skip this check. 
2018-01-21T10:10:47.466496Z 0 [Note] Beginning of list of non-natively partitioned tables
2018-01-21T10:10:47.759070Z 0 [Note] End of list of non-natively partitioned tables
2018-01-21T10:19:49.232503Z 0 [Note] Giving 0 client threads a chance to die gracefully
2018-01-21T10:19:49.232951Z 0 [Note] Shutting down slave threads
2018-01-21T10:19:49.233437Z 0 [Note] Forcefully disconnecting 0 remaining clients
2018-01-21T10:19:49.233782Z 0 [Note] Event Scheduler: Purging the queue. 0 events
2018-01-21T10:19:49.234102Z 0 [Note] Binlog end
2018-01-21T10:19:49.237260Z 0 [Note] Shutting down plugin 'ngram'
2018-01-21T10:19:49.237479Z 0 [Note] Shutting down plugin 'ARCHIVE'
2018-01-21T10:19:49.237637Z 0 [Note] Shutting down plugin 'partition'
2018-01-21T10:19:49.237794Z 0 [Note] Shutting down plugin 'BLACKHOLE'
2018-01-21T10:19:49.237975Z 0 [Note] Shutting down plugin 'MyISAM'
2018-01-21T10:19:49.239040Z 0 [Note] Shutting down plugin 'MRG_MYISAM'
2018-01-21T10:19:49.239226Z 0 [Note] Shutting down plugin 'INNODB_SYS_VIRTUAL'
2018-01-21T10:19:49.239376Z 0 [Note] Shutting down plugin 'INNODB_SYS_DATAFILES'
2018-01-21T10:19:49.239504Z 0 [Note] Shutting down plugin 'INNODB_SYS_TABLESPACES'
2018-01-21T10:19:49.239663Z 0 [Note] Shutting down plugin 'INNODB_SYS_FOREIGN_COLS'
2018-01-21T10:19:49.239809Z 0 [Note] Shutting down plugin 'INNODB_SYS_FOREIGN'
2018-01-21T10:19:49.239939Z 0 [Note] Shutting down plugin 'INNODB_SYS_FIELDS'
2018-01-21T10:19:49.240094Z 0 [Note] Shutting down plugin 'INNODB_SYS_COLUMNS'
2018-01-21T10:19:49.240237Z 0 [Note] Shutting down plugin 'INNODB_SYS_INDEXES'
2018-01-21T10:19:49.240358Z 0 [Note] Shutting down plugin 'INNODB_SYS_TABLESTATS'
2018-01-21T10:19:49.240514Z 0 [Note] Shutting down plugin 'INNODB_SYS_TABLES'
2018-01-21T10:19:49.240698Z 0 [Note] Shutting down plugin 'INNODB_FT_INDEX_TABLE'
2018-01-21T10:19:49.240871Z 0 [Note] Shutting down plugin 'INNODB_FT_INDEX_CACHE'
2018-01-21T10:19:49.241025Z 0 [Note] Shutting down plugin 'INNODB_FT_CONFIG'
2018-01-21T10:19:49.241181Z 0 [Note] Shutting down plugin 'INNODB_FT_BEING_DELETED'
2018-01-21T10:19:49.241333Z 0 [Note] Shutting down plugin 'INNODB_FT_DELETED'
2018-01-21T10:19:49.241483Z 0 [Note] Shutting down plugin 'INNODB_FT_DEFAULT_STOPWORD'
2018-01-21T10:19:49.241652Z 0 [Note] Shutting down plugin 'INNODB_METRICS'
2018-01-21T10:19:49.241814Z 0 [Note] Shutting down plugin 'INNODB_TEMP_TABLE_INFO'
2018-01-21T10:19:49.241986Z 0 [Note] Shutting down plugin 'INNODB_BUFFER_POOL_STATS'
2018-01-21T10:19:49.242156Z 0 [Note] Shutting down plugin 'INNODB_BUFFER_PAGE_LRU'
2018-01-21T10:19:49.242307Z 0 [Note] Shutting down plugin 'INNODB_BUFFER_PAGE'
2018-01-21T10:19:49.242498Z 0 [Note] Shutting down plugin 'INNODB_CMP_PER_INDEX_RESET'
2018-01-21T10:19:49.242667Z 0 [Note] Shutting down plugin 'INNODB_CMP_PER_INDEX'
2018-01-21T10:19:49.242833Z 0 [Note] Shutting down plugin 'INNODB_CMPMEM_RESET'
2018-01-21T10:19:49.242995Z 0 [Note] Shutting down plugin 'INNODB_CMPMEM'
2018-01-21T10:19:49.243177Z 0 [Note] Shutting down plugin 'INNODB_CMP_RESET'
2018-01-21T10:19:49.243359Z 0 [Note] Shutting down plugin 'INNODB_CMP'
2018-01-21T10:19:49.243531Z 0 [Note] Shutting down plugin 'INNODB_LOCK_WAITS'
2018-01-21T10:19:49.243685Z 0 [Note] Shutting down plugin 'INNODB_LOCKS'
2018-01-21T10:19:49.243855Z 0 [Note] Shutting down plugin 'INNODB_TRX'
2018-01-21T10:19:49.244013Z 0 [Note] Shutting down plugin 'InnoDB'
2018-01-21T10:19:49.244312Z 0 [Note] InnoDB: FTS optimize thread exiting.
2018-01-21T10:19:49.244711Z 0 [Note] InnoDB: Starting shutdown...
2018-01-21T10:19:49.348865Z 0 [Note] InnoDB: Dumping buffer pool(s) to /var/lib/mysql/ib_buffer_pool
2018-01-21T10:19:49.356040Z 0 [Note] InnoDB: Buffer pool(s) dump completed at 180121 10:19:49
2018-01-21T10:19:51.090726Z 0 [Note] InnoDB: Shutdown completed; log sequence number 12143645
2018-01-21T10:19:51.098166Z 0 [Note] InnoDB: Removed temporary tablespace data file: "ibtmp1"
2018-01-21T10:19:51.098583Z 0 [Note] Shutting down plugin 'CSV'
2018-01-21T10:19:51.098842Z 0 [Note] Shutting down plugin 'MEMORY'
2018-01-21T10:19:51.099171Z 0 [Note] Shutting down plugin 'PERFORMANCE_SCHEMA'
2018-01-21T10:19:51.099459Z 0 [Note] Shutting down plugin 'sha256_password'
2018-01-21T10:19:51.099804Z 0 [Note] Shutting down plugin 'mysql_native_password'
2018-01-21T10:19:51.100180Z 0 [Note] Shutting down plugin 'binlog'
2018-01-21T10:19:51.104063Z 0 [Note] mysqld: Shutdown complete

2018-01-21T10:19:53.904502Z 0 [Warning] TIMESTAMP with implicit DEFAULT value is deprecated. Please use --explicit_defaults_for_timestamp server option (see documentation for more details).
2018-01-21T10:19:53.911564Z 0 [Note] mysqld (mysqld 5.7.19-log) starting as process 1 ...
2018-01-21T10:19:53.915983Z 0 [Warning] Setting lower_case_table_names=2 because file system for /var/lib/mysql/ is case insensitive
2018-01-21T10:19:53.921209Z 0 [Note] InnoDB: PUNCH HOLE support available
2018-01-21T10:19:53.921440Z 0 [Note] InnoDB: Mutexes and rw_locks use GCC atomic builtins
2018-01-21T10:19:53.921669Z 0 [Note] InnoDB: Uses event mutexes
2018-01-21T10:19:53.921889Z 0 [Note] InnoDB: GCC builtin __atomic_thread_fence() is used for memory barrier
2018-01-21T10:19:53.922096Z 0 [Note] InnoDB: Compressed tables use zlib 1.2.3
2018-01-21T10:19:53.922303Z 0 [Note] InnoDB: Using Linux native AIO
2018-01-21T10:19:53.922707Z 0 [Note] InnoDB: Number of pools: 1
2018-01-21T10:19:53.923010Z 0 [Note] InnoDB: Using CPU crc32 instructions
2018-01-21T10:19:53.924385Z 0 [Note] InnoDB: Initializing buffer pool, total size = 128M, instances = 1, chunk size = 128M
2018-01-21T10:19:53.930281Z 0 [Note] InnoDB: Completed initialization of buffer pool
2018-01-21T10:19:53.932201Z 0 [Note] InnoDB: If the mysqld execution user is authorized, page cleaner thread priority can be changed. See the man page of setpriority().
2018-01-21T10:19:53.962319Z 0 [Note] InnoDB: Highest supported file format is Barracuda.
2018-01-21T10:19:54.020185Z 0 [Note] InnoDB: Creating shared tablespace for temporary tables
2018-01-21T10:19:54.021110Z 0 [Note] InnoDB: Setting file './ibtmp1' size to 12 MB. Physically writing the file full; Please wait ...
2018-01-21T10:19:54.109494Z 0 [Note] InnoDB: File './ibtmp1' size is now 12 MB.
2018-01-21T10:19:54.113432Z 0 [Note] InnoDB: 96 redo rollback segment(s) found. 96 redo rollback segment(s) are active.
2018-01-21T10:19:54.113763Z 0 [Note] InnoDB: 32 non-redo rollback segment(s) are active.
2018-01-21T10:19:54.114821Z 0 [Note] InnoDB: 5.7.19 started; log sequence number 12143645
2018-01-21T10:19:54.115395Z 0 [Note] Plugin 'FEDERATED' is disabled.
2018-01-21T10:19:54.115852Z 0 [Note] InnoDB: Loading buffer pool(s) from /var/lib/mysql/ib_buffer_pool
2018-01-21T10:19:54.148825Z 0 [Note] Found ca.pem, server-cert.pem and server-key.pem in data directory. Trying to enable SSL support using them.
2018-01-21T10:19:54.152857Z 0 [Note] InnoDB: Buffer pool(s) load completed at 180121 10:19:54
2018-01-21T10:19:54.154937Z 0 [Warning] CA certificate ca.pem is self signed.
2018-01-21T10:19:54.156452Z 0 [Note] Server hostname (bind-address): '*'; port: 3306
2018-01-21T10:19:54.156647Z 0 [Note] IPv6 is available.
2018-01-21T10:19:54.156837Z 0 [Note]   - '::' resolves to '::';
2018-01-21T10:19:54.157026Z 0 [Note] Server socket created on IP: '::'.
2018-01-21T10:19:54.177150Z 0 [Warning] 'user' entry 'root@localhost' ignored in --skip-name-resolve mode.
2018-01-21T10:19:54.177362Z 0 [Warning] 'user' entry 'mysql.sys@localhost' ignored in --skip-name-resolve mode.
2018-01-21T10:19:54.177910Z 0 [Warning] 'db' entry 'performance_schema mysql.session@localhost' ignored in --skip-name-resolve mode.
2018-01-21T10:19:54.178109Z 0 [Warning] 'db' entry 'sys mysql.sys@localhost' ignored in --skip-name-resolve mode.
2018-01-21T10:19:54.178667Z 0 [Warning] 'proxies_priv' entry '@ root@localhost' ignored in --skip-name-resolve mode.
2018-01-21T10:19:54.204677Z 0 [Warning] 'tables_priv' entry 'user mysql.session@localhost' ignored in --skip-name-resolve mode.
2018-01-21T10:19:54.204897Z 0 [Warning] 'tables_priv' entry 'sys_config mysql.sys@localhost' ignored in --skip-name-resolve mode.
2018-01-21T10:19:54.397398Z 0 [Note] Event Scheduler: Loaded 0 events
2018-01-21T10:19:54.397816Z 0 [Note] mysqld: ready for connections.
Version: '5.7.19-log'  socket: '/var/run/mysqld/mysqld.sock'  port: 3306  MySQL Community Server (GPL)
2018-01-21T10:19:54.398008Z 0 [Note] Executing 'SELECT * FROM INFORMATION_SCHEMA.TABLES;' to get a list of tables using the deprecated partition engine. You may use the startup option '--disable-partition-engine-check' to skip this check. 
2018-01-21T10:19:54.398153Z 0 [Note] Beginning of list of non-natively partitioned tables
2018-01-21T10:19:54.710770Z 0 [Note] End of list of non-natively partitioned tables
2018-01-21T10:20:52.023381Z 0 [Note] Giving 0 client threads a chance to die gracefully
2018-01-21T10:20:52.024189Z 0 [Note] Shutting down slave threads
2018-01-21T10:20:52.024684Z 0 [Note] Forcefully disconnecting 0 remaining clients
2018-01-21T10:20:52.024948Z 0 [Note] Event Scheduler: Purging the queue. 0 events
2018-01-21T10:20:52.025287Z 0 [Note] Binlog end
2018-01-21T10:20:52.029196Z 0 [Note] Shutting down plugin 'ngram'
2018-01-21T10:20:52.029396Z 0 [Note] Shutting down plugin 'ARCHIVE'
2018-01-21T10:20:52.029594Z 0 [Note] Shutting down plugin 'partition'
2018-01-21T10:20:52.029771Z 0 [Note] Shutting down plugin 'BLACKHOLE'
2018-01-21T10:20:52.029988Z 0 [Note] Shutting down plugin 'MyISAM'
2018-01-21T10:20:52.030191Z 0 [Note] Shutting down plugin 'MRG_MYISAM'
2018-01-21T10:20:52.030408Z 0 [Note] Shutting down plugin 'INNODB_SYS_VIRTUAL'
2018-01-21T10:20:52.030601Z 0 [Note] Shutting down plugin 'INNODB_SYS_DATAFILES'
2018-01-21T10:20:52.030806Z 0 [Note] Shutting down plugin 'INNODB_SYS_TABLESPACES'
2018-01-21T10:20:52.033333Z 0 [Note] Shutting down plugin 'INNODB_SYS_FOREIGN_COLS'
2018-01-21T10:20:52.033642Z 0 [Note] Shutting down plugin 'INNODB_SYS_FOREIGN'
2018-01-21T10:20:52.033882Z 0 [Note] Shutting down plugin 'INNODB_SYS_FIELDS'
2018-01-21T10:20:52.034083Z 0 [Note] Shutting down plugin 'INNODB_SYS_COLUMNS'
2018-01-21T10:20:52.034268Z 0 [Note] Shutting down plugin 'INNODB_SYS_INDEXES'
2018-01-21T10:20:52.034450Z 0 [Note] Shutting down plugin 'INNODB_SYS_TABLESTATS'
2018-01-21T10:20:52.034640Z 0 [Note] Shutting down plugin 'INNODB_SYS_TABLES'
2018-01-21T10:20:52.034837Z 0 [Note] Shutting down plugin 'INNODB_FT_INDEX_TABLE'
2018-01-21T10:20:52.034984Z 0 [Note] Shutting down plugin 'INNODB_FT_INDEX_CACHE'
2018-01-21T10:20:52.035153Z 0 [Note] Shutting down plugin 'INNODB_FT_CONFIG'
2018-01-21T10:20:52.035309Z 0 [Note] Shutting down plugin 'INNODB_FT_BEING_DELETED'
2018-01-21T10:20:52.035470Z 0 [Note] Shutting down plugin 'INNODB_FT_DELETED'
2018-01-21T10:20:52.035609Z 0 [Note] Shutting down plugin 'INNODB_FT_DEFAULT_STOPWORD'
2018-01-21T10:20:52.035780Z 0 [Note] Shutting down plugin 'INNODB_METRICS'
2018-01-21T10:20:52.035952Z 0 [Note] Shutting down plugin 'INNODB_TEMP_TABLE_INFO'
2018-01-21T10:20:52.036156Z 0 [Note] Shutting down plugin 'INNODB_BUFFER_POOL_STATS'
2018-01-21T10:20:52.036303Z 0 [Note] Shutting down plugin 'INNODB_BUFFER_PAGE_LRU'
2018-01-21T10:20:52.036463Z 0 [Note] Shutting down plugin 'INNODB_BUFFER_PAGE'
2018-01-21T10:20:52.036643Z 0 [Note] Shutting down plugin 'INNODB_CMP_PER_INDEX_RESET'
2018-01-21T10:20:52.036822Z 0 [Note] Shutting down plugin 'INNODB_CMP_PER_INDEX'
2018-01-21T10:20:52.036980Z 0 [Note] Shutting down plugin 'INNODB_CMPMEM_RESET'
2018-01-21T10:20:52.037175Z 0 [Note] Shutting down plugin 'INNODB_CMPMEM'
2018-01-21T10:20:52.037382Z 0 [Note] Shutting down plugin 'INNODB_CMP_RESET'
2018-01-21T10:20:52.037553Z 0 [Note] Shutting down plugin 'INNODB_CMP'
2018-01-21T10:20:52.037739Z 0 [Note] Shutting down plugin 'INNODB_LOCK_WAITS'
2018-01-21T10:20:52.037875Z 0 [Note] Shutting down plugin 'INNODB_LOCKS'
2018-01-21T10:20:52.038032Z 0 [Note] Shutting down plugin 'INNODB_TRX'
2018-01-21T10:20:52.038204Z 0 [Note] Shutting down plugin 'InnoDB'
2018-01-21T10:20:52.038413Z 0 [Note] InnoDB: FTS optimize thread exiting.
2018-01-21T10:20:52.038669Z 0 [Note] InnoDB: Starting shutdown...
2018-01-21T10:20:52.141840Z 0 [Note] InnoDB: Dumping buffer pool(s) to /var/lib/mysql/ib_buffer_pool
2018-01-21T10:20:52.145966Z 0 [Note] InnoDB: Buffer pool(s) dump completed at 180121 10:20:52
2018-01-21T10:20:53.779054Z 0 [Note] InnoDB: Shutdown completed; log sequence number 12143673
2018-01-21T10:20:53.780916Z 0 [Note] InnoDB: Removed temporary tablespace data file: "ibtmp1"
2018-01-21T10:20:53.781279Z 0 [Note] Shutting down plugin 'CSV'
2018-01-21T10:20:53.781597Z 0 [Note] Shutting down plugin 'MEMORY'
2018-01-21T10:20:53.781924Z 0 [Note] Shutting down plugin 'PERFORMANCE_SCHEMA'
2018-01-21T10:20:53.782214Z 0 [Note] Shutting down plugin 'sha256_password'
2018-01-21T10:20:53.782507Z 0 [Note] Shutting down plugin 'mysql_native_password'
2018-01-21T10:20:53.782963Z 0 [Note] Shutting down plugin 'binlog'
2018-01-21T10:20:53.787388Z 0 [Note] mysqld: Shutdown complete

2018-01-21T10:20:56.774170Z 0 [Warning] TIMESTAMP with implicit DEFAULT value is deprecated. Please use --explicit_defaults_for_timestamp server option (see documentation for more details).
2018-01-21T10:20:56.783343Z 0 [Note] mysqld (mysqld 5.7.19-log) starting as process 1 ...
2018-01-21T10:20:56.792777Z 0 [Warning] Setting lower_case_table_names=2 because file system for /var/lib/mysql/ is case insensitive
2018-01-21T10:20:56.799779Z 0 [Note] InnoDB: PUNCH HOLE support available
2018-01-21T10:20:56.800302Z 0 [Note] InnoDB: Mutexes and rw_locks use GCC atomic builtins
2018-01-21T10:20:56.802464Z 0 [Note] InnoDB: Uses event mutexes
2018-01-21T10:20:56.802969Z 0 [Note] InnoDB: GCC builtin __atomic_thread_fence() is used for memory barrier
2018-01-21T10:20:56.803279Z 0 [Note] InnoDB: Compressed tables use zlib 1.2.3
2018-01-21T10:20:56.803682Z 0 [Note] InnoDB: Using Linux native AIO
2018-01-21T10:20:56.804172Z 0 [Note] InnoDB: Number of pools: 1
2018-01-21T10:20:56.804726Z 0 [Note] InnoDB: Using CPU crc32 instructions
2018-01-21T10:20:56.806861Z 0 [Note] InnoDB: Initializing buffer pool, total size = 128M, instances = 1, chunk size = 128M
2018-01-21T10:20:56.814262Z 0 [Note] InnoDB: Completed initialization of buffer pool
2018-01-21T10:20:56.816390Z 0 [Note] InnoDB: If the mysqld execution user is authorized, page cleaner thread priority can be changed. See the man page of setpriority().
2018-01-21T10:20:56.848311Z 0 [Note] InnoDB: Highest supported file format is Barracuda.
2018-01-21T10:20:56.925766Z 0 [Note] InnoDB: Creating shared tablespace for temporary tables
2018-01-21T10:20:56.927116Z 0 [Note] InnoDB: Setting file './ibtmp1' size to 12 MB. Physically writing the file full; Please wait ...
2018-01-21T10:20:57.004968Z 0 [Note] InnoDB: File './ibtmp1' size is now 12 MB.
2018-01-21T10:20:57.008741Z 0 [Note] InnoDB: 96 redo rollback segment(s) found. 96 redo rollback segment(s) are active.
2018-01-21T10:20:57.009511Z 0 [Note] InnoDB: 32 non-redo rollback segment(s) are active.
2018-01-21T10:20:57.010401Z 0 [Note] InnoDB: 5.7.19 started; log sequence number 12143673
2018-01-21T10:20:57.011056Z 0 [Note] Plugin 'FEDERATED' is disabled.
2018-01-21T10:20:57.011498Z 0 [Note] InnoDB: Loading buffer pool(s) from /var/lib/mysql/ib_buffer_pool
2018-01-21T10:20:57.041351Z 0 [Note] Found ca.pem, server-cert.pem and server-key.pem in data directory. Trying to enable SSL support using them.
2018-01-21T10:20:57.045192Z 0 [Note] InnoDB: Buffer pool(s) load completed at 180121 10:20:57
2018-01-21T10:20:57.047134Z 0 [Warning] CA certificate ca.pem is self signed.
2018-01-21T10:20:57.048653Z 0 [Note] Server hostname (bind-address): '*'; port: 3306
2018-01-21T10:20:57.048862Z 0 [Note] IPv6 is available.
2018-01-21T10:20:57.050292Z 0 [Note]   - '::' resolves to '::';
2018-01-21T10:20:57.050497Z 0 [Note] Server socket created on IP: '::'.
2018-01-21T10:20:57.066821Z 0 [Warning] 'user' entry 'root@localhost' ignored in --skip-name-resolve mode.
2018-01-21T10:20:57.067024Z 0 [Warning] 'user' entry 'mysql.sys@localhost' ignored in --skip-name-resolve mode.
2018-01-21T10:20:57.067490Z 0 [Warning] 'db' entry 'performance_schema mysql.session@localhost' ignored in --skip-name-resolve mode.
2018-01-21T10:20:57.067654Z 0 [Warning] 'db' entry 'sys mysql.sys@localhost' ignored in --skip-name-resolve mode.
2018-01-21T10:20:57.068137Z 0 [Warning] 'proxies_priv' entry '@ root@localhost' ignored in --skip-name-resolve mode.
2018-01-21T10:20:57.091117Z 0 [Warning] 'tables_priv' entry 'user mysql.session@localhost' ignored in --skip-name-resolve mode.
2018-01-21T10:20:57.091314Z 0 [Warning] 'tables_priv' entry 'sys_config mysql.sys@localhost' ignored in --skip-name-resolve mode.
2018-01-21T10:20:57.214190Z 0 [Note] Event Scheduler: Loaded 0 events
2018-01-21T10:20:57.214715Z 0 [Note] mysqld: ready for connections.
Version: '5.7.19-log'  socket: '/var/run/mysqld/mysqld.sock'  port: 3306  MySQL Community Server (GPL)
2018-01-21T10:20:57.214940Z 0 [Note] Executing 'SELECT * FROM INFORMATION_SCHEMA.TABLES;' to get a list of tables using the deprecated partition engine. You may use the startup option '--disable-partition-engine-check' to skip this check. 
2018-01-21T10:20:57.215156Z 0 [Note] Beginning of list of non-natively partitioned tables
2018-01-21T10:20:57.563801Z 0 [Note] End of list of non-natively partitioned tables
2018-01-21T10:23:26.371597Z 0 [Note] Giving 0 client threads a chance to die gracefully
2018-01-21T10:23:26.372014Z 0 [Note] Shutting down slave threads
2018-01-21T10:23:26.372328Z 0 [Note] Forcefully disconnecting 0 remaining clients
2018-01-21T10:23:26.372830Z 0 [Note] Event Scheduler: Purging the queue. 0 events
2018-01-21T10:23:26.373153Z 0 [Note] Binlog end
2018-01-21T10:23:26.376731Z 0 [Note] Shutting down plugin 'ngram'
2018-01-21T10:23:26.376936Z 0 [Note] Shutting down plugin 'ARCHIVE'
2018-01-21T10:23:26.377125Z 0 [Note] Shutting down plugin 'partition'
2018-01-21T10:23:26.377318Z 0 [Note] Shutting down plugin 'BLACKHOLE'
2018-01-21T10:23:26.377505Z 0 [Note] Shutting down plugin 'MyISAM'
2018-01-21T10:23:26.377673Z 0 [Note] Shutting down plugin 'MRG_MYISAM'
2018-01-21T10:23:26.377850Z 0 [Note] Shutting down plugin 'INNODB_SYS_VIRTUAL'
2018-01-21T10:23:26.378029Z 0 [Note] Shutting down plugin 'INNODB_SYS_DATAFILES'
2018-01-21T10:23:26.378226Z 0 [Note] Shutting down plugin 'INNODB_SYS_TABLESPACES'
2018-01-21T10:23:26.378434Z 0 [Note] Shutting down plugin 'INNODB_SYS_FOREIGN_COLS'
2018-01-21T10:23:26.378675Z 0 [Note] Shutting down plugin 'INNODB_SYS_FOREIGN'
2018-01-21T10:23:26.378875Z 0 [Note] Shutting down plugin 'INNODB_SYS_FIELDS'
2018-01-21T10:23:26.379082Z 0 [Note] Shutting down plugin 'INNODB_SYS_COLUMNS'
2018-01-21T10:23:26.379252Z 0 [Note] Shutting down plugin 'INNODB_SYS_INDEXES'
2018-01-21T10:23:26.379416Z 0 [Note] Shutting down plugin 'INNODB_SYS_TABLESTATS'
2018-01-21T10:23:26.379779Z 0 [Note] Shutting down plugin 'INNODB_SYS_TABLES'
2018-01-21T10:23:26.379957Z 0 [Note] Shutting down plugin 'INNODB_FT_INDEX_TABLE'
2018-01-21T10:23:26.380132Z 0 [Note] Shutting down plugin 'INNODB_FT_INDEX_CACHE'
2018-01-21T10:23:26.380318Z 0 [Note] Shutting down plugin 'INNODB_FT_CONFIG'
2018-01-21T10:23:26.380490Z 0 [Note] Shutting down plugin 'INNODB_FT_BEING_DELETED'
2018-01-21T10:23:26.380665Z 0 [Note] Shutting down plugin 'INNODB_FT_DELETED'
2018-01-21T10:23:26.380826Z 0 [Note] Shutting down plugin 'INNODB_FT_DEFAULT_STOPWORD'
2018-01-21T10:23:26.380979Z 0 [Note] Shutting down plugin 'INNODB_METRICS'
2018-01-21T10:23:26.381173Z 0 [Note] Shutting down plugin 'INNODB_TEMP_TABLE_INFO'
2018-01-21T10:23:26.381359Z 0 [Note] Shutting down plugin 'INNODB_BUFFER_POOL_STATS'
2018-01-21T10:23:26.381537Z 0 [Note] Shutting down plugin 'INNODB_BUFFER_PAGE_LRU'
2018-01-21T10:23:26.381705Z 0 [Note] Shutting down plugin 'INNODB_BUFFER_PAGE'
2018-01-21T10:23:26.381866Z 0 [Note] Shutting down plugin 'INNODB_CMP_PER_INDEX_RESET'
2018-01-21T10:23:26.382033Z 0 [Note] Shutting down plugin 'INNODB_CMP_PER_INDEX'
2018-01-21T10:23:26.382230Z 0 [Note] Shutting down plugin 'INNODB_CMPMEM_RESET'
2018-01-21T10:23:26.382432Z 0 [Note] Shutting down plugin 'INNODB_CMPMEM'
2018-01-21T10:23:26.382646Z 0 [Note] Shutting down plugin 'INNODB_CMP_RESET'
2018-01-21T10:23:26.382888Z 0 [Note] Shutting down plugin 'INNODB_CMP'
2018-01-21T10:23:26.383118Z 0 [Note] Shutting down plugin 'INNODB_LOCK_WAITS'
2018-01-21T10:23:26.383310Z 0 [Note] Shutting down plugin 'INNODB_LOCKS'
2018-01-21T10:23:26.383532Z 0 [Note] Shutting down plugin 'INNODB_TRX'
2018-01-21T10:23:26.383741Z 0 [Note] Shutting down plugin 'InnoDB'
2018-01-21T10:23:26.384050Z 0 [Note] InnoDB: FTS optimize thread exiting.
2018-01-21T10:23:26.384365Z 0 [Note] InnoDB: Starting shutdown...
2018-01-21T10:23:26.486979Z 0 [Note] InnoDB: Dumping buffer pool(s) to /var/lib/mysql/ib_buffer_pool
2018-01-21T10:23:26.491186Z 0 [Note] InnoDB: Buffer pool(s) dump completed at 180121 10:23:26
2018-01-21T10:23:28.110329Z 0 [Note] InnoDB: Shutdown completed; log sequence number 12143701
2018-01-21T10:23:28.113562Z 0 [Note] InnoDB: Removed temporary tablespace data file: "ibtmp1"
2018-01-21T10:23:28.113951Z 0 [Note] Shutting down plugin 'CSV'
2018-01-21T10:23:28.114311Z 0 [Note] Shutting down plugin 'MEMORY'
2018-01-21T10:23:28.114618Z 0 [Note] Shutting down plugin 'PERFORMANCE_SCHEMA'
2018-01-21T10:23:28.114931Z 0 [Note] Shutting down plugin 'sha256_password'
2018-01-21T10:23:28.115253Z 0 [Note] Shutting down plugin 'mysql_native_password'
2018-01-21T10:23:28.115617Z 0 [Note] Shutting down plugin 'binlog'
2018-01-21T10:23:28.119463Z 0 [Note] mysqld: Shutdown complete

2018-01-21T10:24:03.139224Z 0 [Warning] TIMESTAMP with implicit DEFAULT value is deprecated. Please use --explicit_defaults_for_timestamp server option (see documentation for more details).
2018-01-21T10:24:03.145465Z 0 [Note] mysqld (mysqld 5.7.19-log) starting as process 1 ...
2018-01-21T10:24:03.149192Z 0 [Warning] Setting lower_case_table_names=2 because file system for /var/lib/mysql/ is case insensitive
2018-01-21T10:24:03.153413Z 0 [Note] InnoDB: PUNCH HOLE support available
2018-01-21T10:24:03.153681Z 0 [Note] InnoDB: Mutexes and rw_locks use GCC atomic builtins
2018-01-21T10:24:03.153907Z 0 [Note] InnoDB: Uses event mutexes
2018-01-21T10:24:03.154116Z 0 [Note] InnoDB: GCC builtin __atomic_thread_fence() is used for memory barrier
2018-01-21T10:24:03.154347Z 0 [Note] InnoDB: Compressed tables use zlib 1.2.3
2018-01-21T10:24:03.154600Z 0 [Note] InnoDB: Using Linux native AIO
2018-01-21T10:24:03.154990Z 0 [Note] InnoDB: Number of pools: 1
2018-01-21T10:24:03.155275Z 0 [Note] InnoDB: Using CPU crc32 instructions
2018-01-21T10:24:03.156477Z 0 [Note] InnoDB: Initializing buffer pool, total size = 128M, instances = 1, chunk size = 128M
2018-01-21T10:24:03.161828Z 0 [Note] InnoDB: Completed initialization of buffer pool
2018-01-21T10:24:03.164004Z 0 [Note] InnoDB: If the mysqld execution user is authorized, page cleaner thread priority can be changed. See the man page of setpriority().
2018-01-21T10:24:03.187834Z 0 [Note] InnoDB: Highest supported file format is Barracuda.
2018-01-21T10:24:03.240653Z 0 [Note] InnoDB: Creating shared tablespace for temporary tables
2018-01-21T10:24:03.241618Z 0 [Note] InnoDB: Setting file './ibtmp1' size to 12 MB. Physically writing the file full; Please wait ...
2018-01-21T10:24:03.364976Z 0 [Note] InnoDB: File './ibtmp1' size is now 12 MB.
2018-01-21T10:24:03.369845Z 0 [Note] InnoDB: 96 redo rollback segment(s) found. 96 redo rollback segment(s) are active.
2018-01-21T10:24:03.370109Z 0 [Note] InnoDB: 32 non-redo rollback segment(s) are active.
2018-01-21T10:24:03.377901Z 0 [Note] InnoDB: 5.7.19 started; log sequence number 12143701
2018-01-21T10:24:03.378976Z 0 [Note] Plugin 'FEDERATED' is disabled.
2018-01-21T10:24:03.379991Z 0 [Note] InnoDB: Loading buffer pool(s) from /var/lib/mysql/ib_buffer_pool
2018-01-21T10:24:03.429946Z 0 [Note] Found ca.pem, server-cert.pem and server-key.pem in data directory. Trying to enable SSL support using them.
2018-01-21T10:24:03.434220Z 0 [Note] InnoDB: Buffer pool(s) load completed at 180121 10:24:03
2018-01-21T10:24:03.436059Z 0 [Warning] CA certificate ca.pem is self signed.
2018-01-21T10:24:03.437627Z 0 [Note] Server hostname (bind-address): '*'; port: 3306
2018-01-21T10:24:03.437880Z 0 [Note] IPv6 is available.
2018-01-21T10:24:03.438082Z 0 [Note]   - '::' resolves to '::';
2018-01-21T10:24:03.438279Z 0 [Note] Server socket created on IP: '::'.
2018-01-21T10:24:03.463174Z 0 [Warning] 'user' entry 'root@localhost' ignored in --skip-name-resolve mode.
2018-01-21T10:24:03.463430Z 0 [Warning] 'user' entry 'mysql.sys@localhost' ignored in --skip-name-resolve mode.
2018-01-21T10:24:03.464205Z 0 [Warning] 'db' entry 'performance_schema mysql.session@localhost' ignored in --skip-name-resolve mode.
2018-01-21T10:24:03.464436Z 0 [Warning] 'db' entry 'sys mysql.sys@localhost' ignored in --skip-name-resolve mode.
2018-01-21T10:24:03.465065Z 0 [Warning] 'proxies_priv' entry '@ root@localhost' ignored in --skip-name-resolve mode.
2018-01-21T10:24:03.492602Z 0 [Warning] 'tables_priv' entry 'user mysql.session@localhost' ignored in --skip-name-resolve mode.
2018-01-21T10:24:03.492837Z 0 [Warning] 'tables_priv' entry 'sys_config mysql.sys@localhost' ignored in --skip-name-resolve mode.
2018-01-21T10:24:03.680298Z 0 [Note] Event Scheduler: Loaded 0 events
2018-01-21T10:24:03.680915Z 0 [Note] mysqld: ready for connections.
Version: '5.7.19-log'  socket: '/var/run/mysqld/mysqld.sock'  port: 3306  MySQL Community Server (GPL)
2018-01-21T10:24:03.681226Z 0 [Note] Executing 'SELECT * FROM INFORMATION_SCHEMA.TABLES;' to get a list of tables using the deprecated partition engine. You may use the startup option '--disable-partition-engine-check' to skip this check. 
2018-01-21T10:24:03.681497Z 0 [Note] Beginning of list of non-natively partitioned tables
2018-01-21T10:24:03.993646Z 0 [Note] End of list of non-natively partitioned tables
